<?xml version="1.0" encoding="UTF-8"?>
<!-- Generated by org.testng.reporters.JUnitXMLReporter -->
<testsuite hostname="pc" ignored="4" name="Default test" tests="1" failures="0" timestamp="07 Sep 2019 20:26:39 GMT" time="35.56" errors="0">
  <testcase name="pageTitleTest" time="0.326" classname="com.qa.tests.HomePageTests"/>
  <testcase name="verifyProduct" time="0.0" classname="com.qa.tests.HomePageTests">
    <ignored/>
  </testcase> <!-- verifyProduct -->
  <testcase name="urlTest" time="0.0" classname="com.qa.tests.HomePageTests">
    <ignored/>
  </testcase> <!-- urlTest -->
  <testcase name="searchOptionTest" time="0.0" classname="com.qa.tests.HomePageTests">
    <ignored/>
  </testcase> <!-- searchOptionTest -->
  <testcase name="newTest" time="0.0" classname="com.qa.tests.HomePageTests">
    <ignored/>
  </testcase> <!-- newTest -->
</testsuite> <!-- Default test -->
